2013/07/31 00:17:14 [error] [exception.CException] exception 'CException' with message 'Property "UserIdentity.id" is read only.' in C:\Program Files\Apache Group\Apache2\htdocs\yii\framework\base\CComponent.php:170
Stack trace:
#0 C:\Program Files\Apache Group\Apache2\htdocs\blog\protected\components\UserIdentity.php(30): CComponent->__set('id', '2')
#1 C:\Program Files\Apache Group\Apache2\htdocs\blog\protected\models\LoginForm.php(52): UserIdentity->authenticate()
#2 C:\Program Files\Apache Group\Apache2\htdocs\yii\framework\validators\CInlineValidator.php(42): LoginForm->authenticate('password', Array)
#3 C:\Program Files\Apache Group\Apache2\htdocs\yii\framework\validators\CValidator.php(213): CInlineValidator->validateAttribute(Object(LoginForm), 'password')
#4 C:\Program Files\Apache Group\Apache2\htdocs\yii\framework\base\CModel.php(159): CValidator->validate(Object(LoginForm), NULL)
#5 C:\Program Files\Apache Group\Apache2\htdocs\blog\protected\controllers\SiteController.php(94): CModel->validate()
#6 C:\Program Files\Apache Group\Apache2\htdocs\yii\framework\web\actions\CInlineAction.php(49): SiteController->actionLogin()
#7 C:\Program Files\Apache Group\Apache2\htdocs\yii\framework\web\CController.php(308): CInlineAction->runWithParams(Array)
#8 C:\Program Files\Apache Group\Apache2\htdocs\yii\framework\web\CController.php(286): CController->runAction(Object(CInlineAction))
#9 C:\Program Files\Apache Group\Apache2\htdocs\yii\framework\web\CController.php(265): CController->runActionWithFilters(Object(CInlineAction), Array)
#10 C:\Program Files\Apache Group\Apache2\htdocs\yii\framework\web\CWebApplication.php(282): CController->run('login')
#11 C:\Program Files\Apache Group\Apache2\htdocs\yii\framework\web\CWebApplication.php(141): CWebApplication->runController('site/login')
#12 C:\Program Files\Apache Group\Apache2\htdocs\yii\framework\base\CApplication.php(169): CWebApplication->processRequest()
#13 C:\Program Files\Apache Group\Apache2\htdocs\blog\index.php(13): CApplication->run()
#14 {main}
REQUEST_URI=/blog/index.php?r=site/login
HTTP_REFERER=http://localhost/blog/index.php?r=site/login
---
2013/07/31 00:23:39 [error] [exception.CException] exception 'CException' with message 'Property "UserIdentity.id" is read only.' in C:\Program Files\Apache Group\Apache2\htdocs\yii\framework\base\CComponent.php:170
Stack trace:
#0 C:\Program Files\Apache Group\Apache2\htdocs\blog\protected\components\UserIdentity.php(30): CComponent->__set('id', '2')
#1 C:\Program Files\Apache Group\Apache2\htdocs\blog\protected\models\LoginForm.php(52): UserIdentity->authenticate()
#2 C:\Program Files\Apache Group\Apache2\htdocs\yii\framework\validators\CInlineValidator.php(42): LoginForm->authenticate('password', Array)
#3 C:\Program Files\Apache Group\Apache2\htdocs\yii\framework\validators\CValidator.php(213): CInlineValidator->validateAttribute(Object(LoginForm), 'password')
#4 C:\Program Files\Apache Group\Apache2\htdocs\yii\framework\base\CModel.php(159): CValidator->validate(Object(LoginForm), NULL)
#5 C:\Program Files\Apache Group\Apache2\htdocs\blog\protected\controllers\SiteController.php(94): CModel->validate()
#6 C:\Program Files\Apache Group\Apache2\htdocs\yii\framework\web\actions\CInlineAction.php(49): SiteController->actionLogin()
#7 C:\Program Files\Apache Group\Apache2\htdocs\yii\framework\web\CController.php(308): CInlineAction->runWithParams(Array)
#8 C:\Program Files\Apache Group\Apache2\htdocs\yii\framework\web\CController.php(286): CController->runAction(Object(CInlineAction))
#9 C:\Program Files\Apache Group\Apache2\htdocs\yii\framework\web\CController.php(265): CController->runActionWithFilters(Object(CInlineAction), Array)
#10 C:\Program Files\Apache Group\Apache2\htdocs\yii\framework\web\CWebApplication.php(282): CController->run('login')
#11 C:\Program Files\Apache Group\Apache2\htdocs\yii\framework\web\CWebApplication.php(141): CWebApplication->runController('site/login')
#12 C:\Program Files\Apache Group\Apache2\htdocs\yii\framework\base\CApplication.php(169): CWebApplication->processRequest()
#13 C:\Program Files\Apache Group\Apache2\htdocs\blog\index.php(13): CApplication->run()
#14 {main}
REQUEST_URI=/blog/index.php?r=site/login
HTTP_REFERER=http://localhost/blog/index.php?r=site/login
---
2013/07/31 11:01:34 [warning] [application] Failed to set unsafe attribute "create_time" of "Post".
in C:\Program Files\Apache Group\Apache2\htdocs\blog\protected\controllers\PostController.php (72)
in C:\Program Files\Apache Group\Apache2\htdocs\blog\index.php (13)
2013/07/31 11:01:34 [warning] [application] Failed to set unsafe attribute "update_time" of "Post".
in C:\Program Files\Apache Group\Apache2\htdocs\blog\protected\controllers\PostController.php (72)
in C:\Program Files\Apache Group\Apache2\htdocs\blog\index.php (13)
2013/07/31 11:01:34 [warning] [application] Failed to set unsafe attribute "author_id" of "Post".
in C:\Program Files\Apache Group\Apache2\htdocs\blog\protected\controllers\PostController.php (72)
in C:\Program Files\Apache Group\Apache2\htdocs\blog\index.php (13)
2013/07/31 11:02:10 [warning] [application] Failed to set unsafe attribute "create_time" of "Post".
in C:\Program Files\Apache Group\Apache2\htdocs\blog\protected\controllers\PostController.php (72)
in C:\Program Files\Apache Group\Apache2\htdocs\blog\index.php (13)
2013/07/31 11:02:10 [warning] [application] Failed to set unsafe attribute "update_time" of "Post".
in C:\Program Files\Apache Group\Apache2\htdocs\blog\protected\controllers\PostController.php (72)
in C:\Program Files\Apache Group\Apache2\htdocs\blog\index.php (13)
2013/07/31 11:02:10 [warning] [application] Failed to set unsafe attribute "author_id" of "Post".
in C:\Program Files\Apache Group\Apache2\htdocs\blog\protected\controllers\PostController.php (72)
in C:\Program Files\Apache Group\Apache2\htdocs\blog\index.php (13)
2013/07/31 11:02:43 [warning] [application] Failed to set unsafe attribute "create_time" of "Post".
in C:\Program Files\Apache Group\Apache2\htdocs\blog\protected\controllers\PostController.php (72)
in C:\Program Files\Apache Group\Apache2\htdocs\blog\index.php (13)
2013/07/31 11:02:43 [warning] [application] Failed to set unsafe attribute "update_time" of "Post".
in C:\Program Files\Apache Group\Apache2\htdocs\blog\protected\controllers\PostController.php (72)
in C:\Program Files\Apache Group\Apache2\htdocs\blog\index.php (13)
2013/07/31 11:02:43 [warning] [application] Failed to set unsafe attribute "author_id" of "Post".
in C:\Program Files\Apache Group\Apache2\htdocs\blog\protected\controllers\PostController.php (72)
in C:\Program Files\Apache Group\Apache2\htdocs\blog\index.php (13)
2013/07/31 11:02:43 [error] [system.db.CDbCommand] CDbCommand::execute() failed: SQLSTATE[HY000]: General error: 1364 Field 'author_id' doesn't have a default value. The SQL statement executed was: INSERT INTO `tbl_post` (`title`, `content`, `tags`, `status`) VALUES (:yp0, :yp1, :yp2, :yp3).
in C:\Program Files\Apache Group\Apache2\htdocs\blog\protected\controllers\PostController.php (73)
in C:\Program Files\Apache Group\Apache2\htdocs\blog\index.php (13)
2013/07/31 11:02:43 [error] [exception.CDbException] exception 'CDbException' with message 'CDbCommand failed to execute the SQL statement: SQLSTATE[HY000]: General error: 1364 Field 'author_id' doesn't have a default value. The SQL statement executed was: INSERT INTO `tbl_post` (`title`, `content`, `tags`, `status`) VALUES (:yp0, :yp1, :yp2, :yp3)' in C:\Program Files\Apache Group\Apache2\htdocs\yii\framework\db\CDbCommand.php:357
Stack trace:
#0 C:\Program Files\Apache Group\Apache2\htdocs\yii\framework\db\ar\CActiveRecord.php(1023): CDbCommand->execute()
#1 C:\Program Files\Apache Group\Apache2\htdocs\yii\framework\db\ar\CActiveRecord.php(795): CActiveRecord->insert(NULL)
#2 C:\Program Files\Apache Group\Apache2\htdocs\blog\protected\controllers\PostController.php(73): CActiveRecord->save()
#3 C:\Program Files\Apache Group\Apache2\htdocs\yii\framework\web\actions\CInlineAction.php(49): PostController->actionCreate()
#4 C:\Program Files\Apache Group\Apache2\htdocs\yii\framework\web\CController.php(308): CInlineAction->runWithParams(Array)
#5 C:\Program Files\Apache Group\Apache2\htdocs\yii\framework\web\filters\CFilterChain.php(133): CController->runAction(Object(CInlineAction))
#6 C:\Program Files\Apache Group\Apache2\htdocs\yii\framework\web\filters\CFilter.php(40): CFilterChain->run()
#7 C:\Program Files\Apache Group\Apache2\htdocs\yii\framework\web\CController.php(1145): CFilter->filter(Object(CFilterChain))
#8 C:\Program Files\Apache Group\Apache2\htdocs\yii\framework\web\filters\CInlineFilter.php(58): CController->filterAccessControl(Object(CFilterChain))
#9 C:\Program Files\Apache Group\Apache2\htdocs\yii\framework\web\filters\CFilterChain.php(130): CInlineFilter->filter(Object(CFilterChain))
#10 C:\Program Files\Apache Group\Apache2\htdocs\yii\framework\web\CController.php(291): CFilterChain->run()
#11 C:\Program Files\Apache Group\Apache2\htdocs\yii\framework\web\CController.php(265): CController->runActionWithFilters(Object(CInlineAction), Array)
#12 C:\Program Files\Apache Group\Apache2\htdocs\yii\framework\web\CWebApplication.php(282): CController->run('create')
#13 C:\Program Files\Apache Group\Apache2\htdocs\yii\framework\web\CWebApplication.php(141): CWebApplication->runController('post/create')
#14 C:\Program Files\Apache Group\Apache2\htdocs\yii\framework\base\CApplication.php(169): CWebApplication->processRequest()
#15 C:\Program Files\Apache Group\Apache2\htdocs\blog\index.php(13): CApplication->run()
#16 {main}
REQUEST_URI=/blog/index.php?r=post/create
HTTP_REFERER=http://localhost/blog/index.php?r=post/create
---
2013/07/31 13:06:36 [error] [exception.CException] exception 'CException' with message 'Property "PostController.model" is not defined.' in C:\Program Files\Apache Group\Apache2\htdocs\yii\framework\base\CComponent.php:173
Stack trace:
#0 C:\Program Files\Apache Group\Apache2\htdocs\blog\protected\controllers\PostController.php(163): CComponent->__set('model', Object(Post))
#1 C:\Program Files\Apache Group\Apache2\htdocs\blog\protected\controllers\PostController.php(51): PostController->loadModel()
#2 [internal function]: PostController->actionView('4')
#3 C:\Program Files\Apache Group\Apache2\htdocs\yii\framework\web\actions\CAction.php(108): ReflectionMethod->invokeArgs(Object(PostController), Array)
#4 C:\Program Files\Apache Group\Apache2\htdocs\yii\framework\web\actions\CInlineAction.php(47): CAction->runWithParamsInternal(Object(PostController), Object(ReflectionMethod), Array)
#5 C:\Program Files\Apache Group\Apache2\htdocs\yii\framework\web\CController.php(308): CInlineAction->runWithParams(Array)
#6 C:\Program Files\Apache Group\Apache2\htdocs\yii\framework\web\filters\CFilterChain.php(133): CController->runAction(Object(CInlineAction))
#7 C:\Program Files\Apache Group\Apache2\htdocs\yii\framework\web\filters\CFilter.php(40): CFilterChain->run()
#8 C:\Program Files\Apache Group\Apache2\htdocs\yii\framework\web\CController.php(1145): CFilter->filter(Object(CFilterChain))
#9 C:\Program Files\Apache Group\Apache2\htdocs\yii\framework\web\filters\CInlineFilter.php(58): CController->filterAccessControl(Object(CFilterChain))
#10 C:\Program Files\Apache Group\Apache2\htdocs\yii\framework\web\filters\CFilterChain.php(130): CInlineFilter->filter(Object(CFilterChain))
#11 C:\Program Files\Apache Group\Apache2\htdocs\yii\framework\web\CController.php(291): CFilterChain->run()
#12 C:\Program Files\Apache Group\Apache2\htdocs\yii\framework\web\CController.php(265): CController->runActionWithFilters(Object(CInlineAction), Array)
#13 C:\Program Files\Apache Group\Apache2\htdocs\yii\framework\web\CWebApplication.php(282): CController->run('view')
#14 C:\Program Files\Apache Group\Apache2\htdocs\yii\framework\web\CWebApplication.php(141): CWebApplication->runController('post/view')
#15 C:\Program Files\Apache Group\Apache2\htdocs\yii\framework\base\CApplication.php(169): CWebApplication->processRequest()
#16 C:\Program Files\Apache Group\Apache2\htdocs\blog\index.php(13): CApplication->run()
#17 {main}
REQUEST_URI=/blog/index.php?r=post/view&id=4
HTTP_REFERER=http://localhost/blog/index.php?r=post/create
---
